# JRE version: Java(TM) SE Runtime Environment (8.0_202-b08) (build 1.8.0_202-b08)
# Java VM: Java HotSpot(TM) 64-Bit Server VM (25.202-b08 mixed mode windows-amd64 compressed oops)
Heap:
 PSYoungGen      total 74240K, used 13176K [0x000000076db80000, 0x0000000776c80000, 0x00000007c0000000)
  eden space 64000K, 20% used [0x000000076db80000,0x000000076e85e260,0x0000000771a00000)
  from space 10240K, 0% used [0x0000000771a00000,0x0000000771a00000,0x0000000772400000)
  to   space 10240K, 0% used [0x0000000776280000,0x0000000776280000,0x0000000776c80000)
 ParOldGen       total 100864K, used 6386K [0x00000006c9200000, 0x00000006cf480000, 0x000000076db80000)
  object space 100864K, 6% used [0x00000006c9200000,0x00000006c983c978,0x00000006cf480000)
 Metaspace       used 22030K, capacity 22684K, committed 22784K, reserved 1069056K
  class space    used 2624K, capacity 2771K, committed 2816K, reserved 1048576K
GC Heap History (8 events):
Event: 1.908 GC heap before
{Heap before GC invocations=1 (full 0):
 PSYoungGen      total 74240K, used 64000K [0x000000076db80000, 0x0000000772e00000, 0x00000007c0000000)
  eden space 64000K, 100% used [0x000000076db80000,0x0000000771a00000,0x0000000771a00000)
  from space 10240K, 0% used [0x0000000772400000,0x0000000772400000,0x0000000772e00000)
  to   space 10240K, 0% used [0x0000000771a00000,0x0000000771a00000,0x0000000772400000)
 ParOldGen       total 169472K, used 0K [0x00000006c9200000, 0x00000006d3780000, 0x000000076db80000)
  object space 169472K, 0% used [0x00000006c9200000,0x00000006c9200000,0x00000006d3780000)
 Metaspace       used 13282K, capacity 13516K, committed 13696K, reserved 1060864K
  class space    used 1482K, capacity 1560K, committed 1664K, reserved 1048576K
Event: 1.917 GC heap after
Heap after GC invocations=1 (full 0):
 PSYoungGen      total 74240K, used 6052K [0x000000076db80000, 0x0000000772e00000, 0x00000007c0000000)
  eden space 64000K, 0% used [0x000000076db80000,0x000000076db80000,0x0000000771a00000)
  from space 10240K, 59% used [0x0000000771a00000,0x0000000771fe9060,0x0000000772400000)
  to   space 10240K, 0% used [0x0000000772400000,0x0000000772400000,0x0000000772e00000)
 ParOldGen       total 169472K, used 80K [0x00000006c9200000, 0x00000006d3780000, 0x000000076db80000)
  object space 169472K, 0% used [0x00000006c9200000,0x00000006c9214010,0x00000006d3780000)
 Metaspace       used 13282K, capacity 13516K, committed 13696K, reserved 1060864K
  class space    used 1482K, capacity 1560K, committed 1664K, reserved 1048576K
}
Event: 3.184 GC heap before
{Heap before GC invocations=2 (full 0):
 PSYoungGen      total 74240K, used 70052K [0x000000076db80000, 0x0000000772e00000, 0x00000007c0000000)
  eden space 64000K, 100% used [0x000000076db80000,0x0000000771a00000,0x0000000771a00000)
  from space 10240K, 59% used [0x0000000771a00000,0x0000000771fe9060,0x0000000772400000)
  to   space 10240K, 0% used [0x0000000772400000,0x0000000772400000,0x0000000772e00000)
 ParOldGen       total 169472K, used 80K [0x00000006c9200000, 0x00000006d3780000, 0x000000076db80000)
  object space 169472K, 0% used [0x00000006c9200000,0x00000006c9214010,0x00000006d3780000)
 Metaspace       used 18271K, capacity 18850K, committed 18944K, reserved 1067008K
  class space    used 2129K, capacity 2258K, committed 2304K, reserved 1048576K
Event: 3.198 GC heap after
Heap after GC invocations=2 (full 0):
 PSYoungGen      total 74240K, used 6869K [0x000000076db80000, 0x0000000772e00000, 0x00000007c0000000)
  eden space 64000K, 0% used [0x000000076db80000,0x000000076db80000,0x0000000771a00000)
  from space 10240K, 67% used [0x0000000772400000,0x0000000772ab5558,0x0000000772e00000)
  to   space 10240K, 0% used [0x0000000771a00000,0x0000000771a00000,0x0000000772400000)
 ParOldGen       total 169472K, used 88K [0x00000006c9200000, 0x00000006d3780000, 0x000000076db80000)
  object space 169472K, 0% used [0x00000006c9200000,0x00000006c9216010,0x00000006d3780000)
 Metaspace       used 18271K, capacity 18850K, committed 18944K, reserved 1067008K
  class space    used 2129K, capacity 2258K, committed 2304K, reserved 1048576K
}
Event: 3.671 GC heap before
{Heap before GC invocations=3 (full 0):
 PSYoungGen      total 74240K, used 40741K [0x000000076db80000, 0x0000000772e00000, 0x00000007c0000000)
  eden space 64000K, 52% used [0x000000076db80000,0x000000076fc94230,0x0000000771a00000)
  from space 10240K, 67% used [0x0000000772400000,0x0000000772ab5558,0x0000000772e00000)
  to   space 10240K, 0% used [0x0000000771a00000,0x0000000771a00000,0x0000000772400000)
 ParOldGen       total 169472K, used 88K [0x00000006c9200000, 0x00000006d3780000, 0x000000076db80000)
  object space 169472K, 0% used [0x00000006c9200000,0x00000006c9216010,0x00000006d3780000)
 Metaspace       used 20528K, capacity 21094K, committed 21248K, reserved 1069056K
  class space    used 2408K, capacity 2554K, committed 2560K, reserved 1048576K
Event: 3.686 GC heap after
Heap after GC invocations=3 (full 0):
 PSYoungGen      total 74240K, used 6587K [0x000000076db80000, 0x0000000776c80000, 0x00000007c0000000)
  eden space 64000K, 0% used [0x000000076db80000,0x000000076db80000,0x0000000771a00000)
  from space 10240K, 64% used [0x0000000771a00000,0x000000077206eca8,0x0000000772400000)
  to   space 10240K, 0% used [0x0000000776280000,0x0000000776280000,0x0000000776c80000)
 ParOldGen       total 169472K, used 96K [0x00000006c9200000, 0x00000006d3780000, 0x000000076db80000)
  object space 169472K, 0% used [0x00000006c9200000,0x00000006c9218010,0x00000006d3780000)
 Metaspace       used 20528K, capacity 21094K, committed 21248K, reserved 1069056K
  class space    used 2408K, capacity 2554K, committed 2560K, reserved 1048576K
}
Event: 3.686 GC heap before
{Heap before GC invocations=4 (full 1):
 PSYoungGen      total 74240K, used 6587K [0x000000076db80000, 0x0000000776c80000, 0x00000007c0000000)
  eden space 64000K, 0% used [0x000000076db80000,0x000000076db80000,0x0000000771a00000)
  from space 10240K, 64% used [0x0000000771a00000,0x000000077206eca8,0x0000000772400000)
  to   space 10240K, 0% used [0x0000000776280000,0x0000000776280000,0x0000000776c80000)
 ParOldGen       total 169472K, used 96K [0x00000006c9200000, 0x00000006d3780000, 0x000000076db80000)
  object space 169472K, 0% used [0x00000006c9200000,0x00000006c9218010,0x00000006d3780000)
 Metaspace       used 20528K, capacity 21094K, committed 21248K, reserved 1069056K
  class space    used 2408K, capacity 2554K, committed 2560K, reserved 1048576K
Event: 3.734 GC heap after
Heap after GC invocations=4 (full 1):
 PSYoungGen      total 74240K, used 0K [0x000000076db80000, 0x0000000776c80000, 0x00000007c0000000)
  eden space 64000K, 0% used [0x000000076db80000,0x000000076db80000,0x0000000771a00000)
  from space 10240K, 0% used [0x0000000771a00000,0x0000000771a00000,0x0000000772400000)
  to   space 10240K, 0% used [0x0000000776280000,0x0000000776280000,0x0000000776c80000)
 ParOldGen       total 100864K, used 6386K [0x00000006c9200000, 0x00000006cf480000, 0x000000076db80000)
  object space 100864K, 6% used [0x00000006c9200000,0x00000006c983c978,0x00000006cf480000)
 Metaspace       used 20528K, capacity 21094K, committed 21248K, reserved 1069056K
  class space    used 2408K, capacity 2554K, committed 2560K, reserved 1048576K
}

